<?xml version="1.0" encoding="UTF-8"?>
<!-- Generated by org.testng.reporters.JUnitReportReporter -->
<testsuite hostname="JAI" failures="0" tests="7" name="test.TestSuite" time="14.064" errors="0" timestamp="2025-05-21T11:08:28 IST" skipped="0">
  <testcase classname="test.TestSuite" name="TS01_Add_to_do" time="1.269"/>
  <testcase classname="test.TestSuite" name="TS01_Add_to_do" time="1.267"/>
  <testcase classname="test.TestSuite" name="TS01_Add_to_do" time="1.320"/>
  <testcase classname="test.TestSuite" name="TS01_Add_to_do" time="1.296"/>
  <testcase classname="test.TestSuite" name="TS02_Mark_Completed" time="0.163"/>
  <testcase classname="test.TestSuite" name="TS03_Delete_the_item" time="3.323"/>
  <testcase classname="test.TestSuite" name="TS04_Filtering_a_to_do" time="5.426"/>
</testsuite> <!-- test.TestSuite -->
